Determining if the include file pthread.h exists failed with the following output:
Change Dir: D:/code/xmsstamper/build_py/CMakeFiles/CMakeTmp

Run Build Command:"C:/Program Files (x86)/MSBuild/14.0/bin/MSBuild.exe" "cmTC_7bfdd.vcxproj" "/p:Configuration=Debug" "/p:VisualStudioVersion=14.0"
Microsoft (R) Build Engine version 14.0.25420.1
Copyright (C) Microsoft Corporation. All rights reserved.

Build started 10/11/2018 12:35:56 PM.
Project "D:\code\xmsstamper\build_py\CMakeFiles\CMakeTmp\cmTC_7bfdd.vcxproj" on node 1 (default targets).
PrepareForBuild:
  Creating directory "cmTC_7bfdd.dir\Debug\".
  Creating directory "D:\code\xmsstamper\build_py\CMakeFiles\CMakeTmp\Debug\".
  Creating directory "cmTC_7bfdd.dir\Debug\cmTC_7bfdd.tlog\".
InitializeBuildStatus:
  Creating "cmTC_7bfdd.dir\Debug\cmTC_7bfdd.tlog\unsuccessfulbuild" because "AlwaysCreate" was specified.
ClCompile:
  C:\Program Files (x86)\Microsoft Visual Studio 14.0\VC\bin\x86_amd64\CL.exe /c /Zi /W3 /WX- /Od /Ob0 /D WIN32 /D _WINDOWS /D _DEBUG /D "CMAKE_INTDIR=\"Debug\"" /D _MBCS /Gm- /RTC1 /MDd /GS /fp:precise /Zc:wchar_t /Zc:forScope /Zc:inline /Fo"cmTC_7bfdd.dir\Debug\\" /Fd"cmTC_7bfdd.dir\Debug\vc140.pdb" /Gd /TC /errorReport:queue D:\code\xmsstamper\build_py\CMakeFiles\CMakeTmp\CheckIncludeFile.c
  Microsoft (R) C/C++ Optimizing Compiler Version 19.00.24215.1 for x64
  Copyright (C) Microsoft Corporation.  All rights reserved.
  
  cl /c /Zi /W3 /WX- /Od /Ob0 /D WIN32 /D _WINDOWS /D _DEBUG /D "CMAKE_INTDIR=\"Debug\"" /D _MBCS /Gm- /RTC1 /MDd /GS /fp:precise /Zc:wchar_t /Zc:forScope /Zc:inline /Fo"cmTC_7bfdd.dir\Debug\\" /Fd"cmTC_7bfdd.dir\Debug\vc140.pdb" /Gd /TC /errorReport:queue D:\code\xmsstamper\build_py\CMakeFiles\CMakeTmp\CheckIncludeFile.c
  
  CheckIncludeFile.c
D:\code\xmsstamper\build_py\CMakeFiles\CMakeTmp\CheckIncludeFile.c(1): fatal error C1083: Cannot open include file: 'pthread.h': No such file or directory [D:\code\xmsstamper\build_py\CMakeFiles\CMakeTmp\cmTC_7bfdd.vcxproj]
Done Building Project "D:\code\xmsstamper\build_py\CMakeFiles\CMakeTmp\cmTC_7bfdd.vcxproj" (default targets) -- FAILED.

Build FAILED.

"D:\code\xmsstamper\build_py\CMakeFiles\CMakeTmp\cmTC_7bfdd.vcxproj" (default target) (1) ->
(ClCompile target) -> 
  D:\code\xmsstamper\build_py\CMakeFiles\CMakeTmp\CheckIncludeFile.c(1): fatal error C1083: Cannot open include file: 'pthread.h': No such file or directory [D:\code\xmsstamper\build_py\CMakeFiles\CMakeTmp\cmTC_7bfdd.vcxproj]

    0 Warning(s)
    1 Error(s)

Time Elapsed 00:00:00.26


